sat,
2: ""
4: ""
6: ""
8: "DESCRIPTION"
12: ""
14: "TABLE"
18: ""
22: ""
30: ""
36: ""
38: "DESCRIPTION"
41: "FIELD"
43: ""
49: ""
54: ""
58: "OPTION"
60: ""
67: ""
69: ""
72: ""
74: "NAME"
83: ""
87: ""
89: "DESCRIPTION"
93: ""
96: ""
99: ""
101: ""
110: ""
126: "OPTION"
129: "NAME"
131: ""
133: "TYPE"
135: "DESCRIPTION"
141: ""
143: "FIELD"
158: "NAME"
173: ""
176: ""
179: ""
185: ""
198: "LENGTH"
204: ""
207: "TYPE"
212: ""
215: ""
218: ""
224: "DATABASE"
232: ""
249: ""
255: "NAME"
261: "OPTION"
264: ""
267: ""
