sat,
8: "NAME"
14: ""
22: ""
25: ""
29: ""
31: ""
35: ""
37: ""
39: "OPTION"
44: "DESCRIPTION"
48: ""
51: ""
53: ""
55: ""
66: "TABLE"
72: ""
79: ""
84: ""
86: ""
89: ""
96: ""
105: ""
107: ""
109: ""
112: ""
116: ""
118: ""
120: ""
123: ""
125: "TYPE"
127: ""
130: ""
133: "TYPE"
136: ""
138: "OPTION"
143: ""
148: "DATABASE"
150: ""
167: ""
170: "FIELD"
172: "FIELD"
176: ""
186: "DESCRIPTION"
189: ""
191: ""
194: "NAME"
197: ""
199: "NAME"
204: ""
225: ""
230: "DESCRIPTION"
232: ""
247: ""
250: "LENGTH"
266: ""
275: ""
278: ""
287: "OPTION"
290: ""
299: "NAME"
305: ""
308: ""
314: "DESCRIPTION"
317: "HTML"
