sat,
4: ""
8: "NAME"
10: "DESCRIPTION"
14: ""
20: "LENGTH"
25: ""
31: ""
37: ""
39: ""
46: "FIELD"
50: ""
53: ""
57: ""
62: "TYPE"
65: "OPTION"
70: ""
84: "OPTION"
86: ""
91: "DESCRIPTION"
94: ""
98: ""
103: "DESCRIPTION"
106: ""
108: ""
112: ""
117: "DESCRIPTION"
120: ""
123: "DATABASE"
126: ""
134: "OPTION"
137: "NAME"
146: "TABLE"
148: ""
153: ""
155: ""
158: ""
161: ""
169: ""
175: ""
181: ""
184: ""
196: ""
199: ""
206: ""
208: ""
214: "FIELD"
235: ""
238: ""
241: "TYPE"
246: ""
251: ""
257: "HTML"
