sat,
2: ""
14: "FIELD"
16: ""
19: ""
25: ""
33: "NAME"
35: "DESCRIPTION"
43: ""
45: "TYPE"
47: ""
56: ""
60: ""
62: ""
64: "TYPE"
70: ""
72: ""
76: "TABLE"
81: ""
84: ""
87: "LENGTH"
89: ""
94: ""
99: "DESCRIPTION"
110: ""
112: ""
115: "FIELD"
118: ""
121: "OPTION"
125: ""
132: ""
140: "NAME"
149: ""
152: ""
159: "OPTION"
164: "DESCRIPTION"
167: "DATABASE"
169: ""
175: ""
177: ""
180: ""
182: ""
191: ""
203: ""
209: "NAME"
214: ""
220: ""
226: "DESCRIPTION"
230: ""
233: ""
236: "NAME"
248: ""
266: ""
269: ""
272: ""
275: "OPTION"
281: "LENGTH"
284: ""
287: "HTML"
