sat,
2: "OPTION"
8: ""
10: ""
14: ""
18: "DESCRIPTION"
22: ""
26: ""
31: ""
37: ""
40: "OPTION"
42: ""
46: ""
55: ""
60: ""
62: ""
64: ""
66: ""
68: ""
73: "TYPE"
75: ""
78: "NAME"
84: "LENGTH"
88: ""
90: "FIELD"
101: ""
108: ""
112: ""
118: ""
131: "TABLE"
134: ""
139: ""
153: ""
156: ""
160: "DESCRIPTION"
162: ""
165: ""
168: "OPTION"
170: ""
175: "NAME"
177: "DESCRIPTION"
186: "NAME"
188: "NAME"
209: ""
211: "DATABASE"
214: "TYPE"
220: ""
223: ""
229: ""
231: ""
240: ""
249: ""
258: "DESCRIPTION"
261: "FIELD"
267: "HTML"
