sat,
4: "NAME"
8: ""
12: "OPTION"
14: ""
16: ""
18: ""
22: "NAME"
24: "TYPE"
26: ""
33: ""
38: "NAME"
40: ""
42: ""
49: "DESCRIPTION"
51: ""
53: "LENGTH"
55: ""
57: ""
60: ""
72: ""
76: ""
80: "DATABASE"
82: ""
85: ""
90: ""
95: ""
100: ""
121: "TABLE"
123: ""
125: ""
131: ""
141: ""
144: ""
147: "DESCRIPTION"
152: ""
170: ""
178: "FIELD"
180: "OPTION"
189: "OPTION"
192: "NAME"
195: ""
201: "FIELD"
204: ""
212: ""
218: "NAME"
224: "TYPE"
233: "DESCRIPTION"
236: ""
251: ""
257: ""
260: ""
263: ""
266: "DESCRIPTION"
269: ""
272: "HTML"
