sat,
4: ""
18: ""
23: ""
25: "TYPE"
27: "TYPE"
29: ""
36: ""
42: ""
47: ""
51: ""
53: ""
55: "NAME"
59: ""
66: ""
74: ""
78: ""
83: ""
85: ""
89: ""
92: ""
94: ""
110: "TABLE"
118: ""
124: "OPTION"
127: ""
130: ""
136: "FIELD"
138: ""
140: ""
143: ""
145: ""
147: "DATABASE"
152: "DESCRIPTION"
155: "DESCRIPTION"
158: "OPTION"
162: ""
165: ""
174: ""
177: ""
179: ""
183: "NAME"
186: "LENGTH"
194: "NAME"
220: "OPTION"
229: ""
232: ""
235: ""
238: "DESCRIPTION"
241: ""
244: ""
247: "DESCRIPTION"
253: "FIELD"
262: "HTML"
