sat,
4: ""
8: ""
18: ""
30: ""
36: "NAME"
38: ""
47: ""
51: "DESCRIPTION"
53: ""
55: ""
58: ""
64: "DESCRIPTION"
69: ""
72: ""
75: ""
77: ""
80: ""
83: ""
85: "FIELD"
92: "DESCRIPTION"
101: ""
104: "NAME"
106: ""
109: "NAME"
112: ""
117: ""
119: ""
124: ""
126: "NAME"
129: ""
134: ""
147: "DATABASE"
152: ""
155: ""
160: "TYPE"
165: "DESCRIPTION"
168: "TYPE"
171: "LENGTH"
173: ""
176: "TABLE"
179: ""
189: "OPTION"
204: ""
206: ""
217: ""
226: "OPTION"
229: ""
231: "FIELD"
237: ""
243: "DESCRIPTION"
252: ""
255: "OPTION"
258: ""
260: ""
263: ""
277: "HTML"
