sat,
2: ""
16: ""
18: ""
21: ""
27: "LENGTH"
33: ""
35: "NAME"
37: ""
41: ""
43: "DESCRIPTION"
45: ""
51: "OPTION"
53: ""
59: ""
61: ""
68: "DESCRIPTION"
79: ""
82: "DESCRIPTION"
89: ""
95: "TYPE"
98: ""
101: "TYPE"
104: ""
107: ""
110: ""
113: "NAME"
117: ""
119: ""
126: "TABLE"
128: "NAME"
130: ""
139: ""
145: ""
148: ""
151: "DATABASE"
166: "DESCRIPTION"
171: ""
176: ""
183: ""
186: "FIELD"
188: "OPTION"
203: "NAME"
214: ""
220: ""
223: "FIELD"
228: ""
231: ""
236: ""
238: ""
241: ""
243: ""
246: ""
249: ""
258: ""
264: ""
270: "OPTION"
282: "HTML"
