sat,
2: ""
4: ""
6: ""
8: "DESCRIPTION"
10: "NAME"
12: ""
18: "DATABASE"
24: "NAME"
26: "NAME"
31: "OPTION"
33: ""
35: ""
38: ""
40: "OPTION"
44: ""
49: "TABLE"
53: ""
55: ""
57: ""
61: ""
65: ""
79: ""
83: ""
96: "NAME"
113: ""
115: "NAME"
121: "OPTION"
127: ""
130: "DESCRIPTION"
133: ""
139: ""
142: ""
145: ""
148: ""
150: ""
152: "FIELD"
155: ""
164: "LENGTH"
171: "DESCRIPTION"
178: ""
184: "FIELD"
186: ""
192: ""
198: ""
207: ""
209: "TYPE"
212: ""
230: "TYPE"
233: ""
253: ""
256: "DESCRIPTION"
259: ""
262: ""
265: "NAME"
271: ""
277: "HTML"
