sat,
3: ""
9: "OPTION"
11: ""
13: "TYPE"
19: ""
22: ""
27: "FIELD"
33: "TABLE"
35: "DESCRIPTION"
42: ""
45: ""
47: ""
51: ""
55: ""
59: ""
65: ""
73: ""
83: ""
87: ""
89: ""
100: ""
102: "DESCRIPTION"
105: ""
109: ""
114: ""
119: "NAME"
121: "NAME"
126: "OPTION"
129: ""
132: ""
134: ""
139: "LENGTH"
144: ""
155: ""
157: "TYPE"
176: "OPTION"
179: ""
185: "NAME"
188: "DESCRIPTION"
191: ""
193: ""
208: ""
211: "FIELD"
214: ""
225: "NAME"
230: "DESCRIPTION"
242: "DATABASE"
245: ""
253: ""
256: ""
259: ""
262: ""
265: ""
