sat,
2: ""
8: ""
12: ""
16: ""
18: ""
23: "DESCRIPTION"
29: ""
31: ""
33: ""
39: ""
46: ""
52: ""
57: ""
59: "DESCRIPTION"
63: ""
65: ""
68: ""
77: "TABLE"
79: "FIELD"
82: "LENGTH"
86: "NAME"
92: "OPTION"
96: ""
103: ""
106: "DESCRIPTION"
113: ""
117: ""
140: ""
146: ""
149: "NAME"
157: "DESCRIPTION"
162: "DATABASE"
165: ""
170: "NAME"
172: ""
174: ""
176: ""
178: ""
191: ""
193: "FIELD"
196: ""
202: ""
214: ""
217: ""
220: ""
222: ""
225: ""
231: ""
243: "TYPE"
246: "DESCRIPTION"
252: "OPTION"
258: "TYPE"
264: ""
267: ""
270: "DESCRIPTION"
273: "NAME"
278: "OPTION"
287: "HTML"
