sat,
2: ""
10: ""
14: "DESCRIPTION"
16: ""
24: "TABLE"
34: ""
41: "LENGTH"
45: "NAME"
48: "DATABASE"
53: "DESCRIPTION"
55: ""
57: ""
59: ""
61: ""
65: ""
71: ""
73: ""
81: ""
90: ""
93: ""
96: ""
98: "FIELD"
103: ""
105: "OPTION"
111: ""
116: "DESCRIPTION"
118: "OPTION"
123: ""
128: "FIELD"
130: ""
144: "DESCRIPTION"
147: "OPTION"
154: ""
159: ""
164: "NAME"
173: "TYPE"
176: ""
182: ""
186: ""
195: ""
199: ""
202: ""
208: "NAME"
220: ""
226: ""
229: "TYPE"
235: ""
238: ""
244: ""
250: ""
253: ""
259: ""
262: "HTML"
