sat,
2: ""
6: ""
14: ""
18: ""
22: "LENGTH"
28: "NAME"
30: ""
32: ""
34: ""
37: ""
39: ""
43: ""
45: ""
47: "DESCRIPTION"
52: "TYPE"
60: ""
66: "DESCRIPTION"
75: "NAME"
82: "TYPE"
84: ""
91: "TABLE"
93: ""
104: ""
109: ""
114: "TYPE"
116: ""
118: ""
121: ""
124: ""
130: "FIELD"
135: ""
137: ""
139: ""
142: "DESCRIPTION"
148: ""
162: ""
165: ""
168: "TYPE"
171: "NAME"
173: "OPTION"
177: ""
182: "DATABASE"
185: "FIELD"
195: "OPTION"
198: ""
209: ""
215: "NAME"
227: ""
230: ""
238: ""
241: ""
250: ""
261: ""
270: ""
276: "OPTION"
279: ""
288: ""
291: ""
294: "DESCRIPTION"
297: "HTML"
