sat
(
  (define-fun a7 () String
    "66666666666666666666666666666666666666666666666666666666666666666666666666666666666666666666666666666666666666666666666666666")
  (define-fun a8 () String
    "66666666666666666666666666666666666666666666666666666666666666666666666666666666666666666666666666666666666666666666666666666")
  (define-fun a1 () String
    "66666666666666666666666666666666666666666666666666666666666666666666666666666666666666666666666666666666666666666666666666666666")
  (define-fun a12 () String
    "66666666666666666666666666666666666666666666666666666666666666666666666666666666666666666666666666666666666666666666666666666")
  (define-fun a10 () String
    "66666666666666666666666666666666666666666666666666666666666666666666666666666666666666666666666666666666666666666666666666666")
  (define-fun a5 () String
    "66666666666666666666666666666666666666666666666666666666666666666666666666666666666666666666666666666666666666666666666666666666")
  (define-fun a4 () String
    "66666666666666666666666666666666666666666666666666666666666666666666666666666666666666666666666666666666666666666666666666666666")
  (define-fun a3 () String
    "66666666666666666666666666666666666666666666666666666666666666666666666666666666666666666666666666666666666666666666666666666666")
  (define-fun a11 () String
    "66666666666666666666666666666666666666666666666666666666666666666666666666666666666666666666666666666666666666666666666666666")
  (define-fun a9 () String
    "66666666666666666666666666666666666666666666666666666666666666666666666666666666666666666666666666666666666666666666666666666")
  (define-fun a2 () String
    "66666666666666666666666666666666666666666666666666666666666666666666666666666666666666666666666666666666666666666666666666666666")
  (define-fun a6 () String
    "66666666666666666666666666666666666666666666666666666666666666666666666666666666666666666666666666666666666666666666666666666666")
)
